<?xml version="1.0" encoding="UTF-8"?>
<!-- Generated by org.testng.reporters.JUnitXMLReporter -->
<testsuite ignored="2" hostname="DESKTOP-IEHN5CK" failures="0" tests="1" name="Default test" time="7.174" errors="0" timestamp="2022-05-27T12:14:13 IST">
  <testcase classname="Selenium4.selenium4feature" name="OpenNewTeb" time="7.143"/>
  <testcase classname="Selenium4.selenium4feature" name="OpenNewWindow" time="0.0">
    <ignored/>
  </testcase> <!-- OpenNewWindow -->
  <testcase classname="Selenium4.selenium4feature" name="screenshotTest" time="0.0">
    <ignored/>
  </testcase> <!-- screenshotTest -->
</testsuite> <!-- Default test -->
